Started GET "/" for 127.0.0.1 at 2021-01-27 14:04:32 +0100
  
ActiveRecord::ConnectionNotEstablished (FATAL:  role "root" does not exist
):
  
activerecord (6.1.1) lib/active_record/connection_adapters/postgresql_adapter.rb:83:in `rescue in new_client'
activerecord (6.1.1) lib/active_record/connection_adapters/postgresql_adapter.rb:77:in `new_client'
activerecord (6.1.1) lib/active_record/connection_adapters/postgresql_adapter.rb:37:in `postgresql_connection'
activerecord (6.1.1) lib/active_record/connection_adapters/abstract/connection_pool.rb:882:in `public_send'
activerecord (6.1.1) lib/active_record/connection_adapters/abstract/connection_pool.rb:882:in `new_connection'
activerecord (6.1.1) lib/active_record/connection_adapters/abstract/connection_pool.rb:926:in `checkout_new_connection'
activerecord (6.1.1) lib/active_record/connection_adapters/abstract/connection_pool.rb:905:in `try_to_checkout_new_connection'
activerecord (6.1.1) lib/active_record/connection_adapters/abstract/connection_pool.rb:866:in `acquire_connection'
activerecord (6.1.1) lib/active_record/connection_adapters/abstract/connection_pool.rb:588:in `checkout'
activerecord (6.1.1) lib/active_record/connection_adapters/abstract/connection_pool.rb:428:in `connection'
activerecord (6.1.1) lib/active_record/connection_adapters/abstract/connection_pool.rb:1128:in `retrieve_connection'
activerecord (6.1.1) lib/active_record/connection_handling.rb:319:in `retrieve_connection'
activerecord (6.1.1) lib/active_record/connection_handling.rb:275:in `connection'
activerecord (6.1.1) lib/active_record/migration.rb:611:in `connection'
activerecord (6.1.1) lib/active_record/migration.rb:606:in `build_watcher'
activerecord (6.1.1) lib/active_record/migration.rb:588:in `block in call'
activerecord (6.1.1) lib/active_record/migration.rb:587:in `synchronize'
activerecord (6.1.1) lib/active_record/migration.rb:587:in `call'
actionpack (6.1.1) lib/action_dispatch/middleware/callbacks.rb:27:in `block in call'
activesupport (6.1.1) lib/active_support/callbacks.rb:98:in `run_callbacks'
actionpack (6.1.1) lib/action_dispatch/middleware/callbacks.rb:26:in `call'
actionpack (6.1.1) lib/action_dispatch/middleware/executor.rb:14:in `call'
actionpack (6.1.1) lib/action_dispatch/middleware/actionable_exceptions.rb:18:in `call'
actionpack (6.1.1) lib/action_dispatch/middleware/debug_exceptions.rb:29:in `call'
web-console (4.1.0) lib/web_console/middleware.rb:132:in `call_app'
web-console (4.1.0) lib/web_console/middleware.rb:28:in `block in call'
web-console (4.1.0) lib/web_console/middleware.rb:17:in `catch'
web-console (4.1.0) lib/web_console/middleware.rb:17:in `call'
actionpack (6.1.1) lib/action_dispatch/middleware/show_exceptions.rb:33:in `call'
railties (6.1.1) lib/rails/rack/logger.rb:37:in `call_app'
railties (6.1.1) lib/rails/rack/logger.rb:26:in `block in call'
activesupport (6.1.1) lib/active_support/tagged_logging.rb:99:in `block in tagged'
activesupport (6.1.1) lib/active_support/tagged_logging.rb:37:in `tagged'
activesupport (6.1.1) lib/active_support/tagged_logging.rb:99:in `tagged'
railties (6.1.1) lib/rails/rack/logger.rb:26:in `call'
sprockets-rails (3.2.2) lib/sprockets/rails/quiet_assets.rb:13:in `call'
actionpack (6.1.1) lib/action_dispatch/middleware/remote_ip.rb:81:in `call'
actionpack (6.1.1) lib/action_dispatch/middleware/request_id.rb:26:in `call'
rack (2.2.3) lib/rack/method_override.rb:24:in `call'
rack (2.2.3) lib/rack/runtime.rb:22:in `call'
activesupport (6.1.1) lib/active_support/cache/strategy/local_cache_middleware.rb:29:in `call'
actionpack (6.1.1) lib/action_dispatch/middleware/executor.rb:14:in `call'
actionpack (6.1.1) lib/action_dispatch/middleware/static.rb:24:in `call'
rack (2.2.3) lib/rack/sendfile.rb:110:in `call'
actionpack (6.1.1) lib/action_dispatch/middleware/host_authorization.rb:98:in `call'
rack-mini-profiler (2.3.0) lib/mini_profiler/profiler.rb:373:in `call'
webpacker (5.2.1) lib/webpacker/dev_server_proxy.rb:25:in `perform_request'
rack-proxy (0.6.5) lib/rack/proxy.rb:57:in `call'
railties (6.1.1) lib/rails/engine.rb:539:in `call'
puma (5.1.1) lib/puma/configuration.rb:246:in `call'
puma (5.1.1) lib/puma/request.rb:76:in `block in handle_request'
puma (5.1.1) lib/puma/thread_pool.rb:337:in `with_force_shutdown'
puma (5.1.1) lib/puma/request.rb:75:in `handle_request'
puma (5.1.1) lib/puma/server.rb:431:in `process_client'
puma (5.1.1) lib/puma/thread_pool.rb:145:in `block in spawn_thread'
Started GET "/" for 127.0.0.1 at 2021-01-27 14:04:39 +0100
  
ActiveRecord::ConnectionNotEstablished (FATAL:  role "root" does not exist
):
  
activerecord (6.1.1) lib/active_record/connection_adapters/postgresql_adapter.rb:83:in `rescue in new_client'
activerecord (6.1.1) lib/active_record/connection_adapters/postgresql_adapter.rb:77:in `new_client'
activerecord (6.1.1) lib/active_record/connection_adapters/postgresql_adapter.rb:37:in `postgresql_connection'
activerecord (6.1.1) lib/active_record/connection_adapters/abstract/connection_pool.rb:882:in `public_send'
activerecord (6.1.1) lib/active_record/connection_adapters/abstract/connection_pool.rb:882:in `new_connection'
activerecord (6.1.1) lib/active_record/connection_adapters/abstract/connection_pool.rb:926:in `checkout_new_connection'
activerecord (6.1.1) lib/active_record/connection_adapters/abstract/connection_pool.rb:905:in `try_to_checkout_new_connection'
activerecord (6.1.1) lib/active_record/connection_adapters/abstract/connection_pool.rb:866:in `acquire_connection'
activerecord (6.1.1) lib/active_record/connection_adapters/abstract/connection_pool.rb:588:in `checkout'
activerecord (6.1.1) lib/active_record/connection_adapters/abstract/connection_pool.rb:428:in `connection'
activerecord (6.1.1) lib/active_record/connection_adapters/abstract/connection_pool.rb:1128:in `retrieve_connection'
activerecord (6.1.1) lib/active_record/connection_handling.rb:319:in `retrieve_connection'
activerecord (6.1.1) lib/active_record/connection_handling.rb:275:in `connection'
activerecord (6.1.1) lib/active_record/migration.rb:611:in `connection'
activerecord (6.1.1) lib/active_record/migration.rb:606:in `build_watcher'
activerecord (6.1.1) lib/active_record/migration.rb:588:in `block in call'
activerecord (6.1.1) lib/active_record/migration.rb:587:in `synchronize'
activerecord (6.1.1) lib/active_record/migration.rb:587:in `call'
actionpack (6.1.1) lib/action_dispatch/middleware/callbacks.rb:27:in `block in call'
activesupport (6.1.1) lib/active_support/callbacks.rb:98:in `run_callbacks'
actionpack (6.1.1) lib/action_dispatch/middleware/callbacks.rb:26:in `call'
actionpack (6.1.1) lib/action_dispatch/middleware/executor.rb:14:in `call'
actionpack (6.1.1) lib/action_dispatch/middleware/actionable_exceptions.rb:18:in `call'
actionpack (6.1.1) lib/action_dispatch/middleware/debug_exceptions.rb:29:in `call'
web-console (4.1.0) lib/web_console/middleware.rb:132:in `call_app'
web-console (4.1.0) lib/web_console/middleware.rb:28:in `block in call'
web-console (4.1.0) lib/web_console/middleware.rb:17:in `catch'
web-console (4.1.0) lib/web_console/middleware.rb:17:in `call'
actionpack (6.1.1) lib/action_dispatch/middleware/show_exceptions.rb:33:in `call'
railties (6.1.1) lib/rails/rack/logger.rb:37:in `call_app'
railties (6.1.1) lib/rails/rack/logger.rb:26:in `block in call'
activesupport (6.1.1) lib/active_support/tagged_logging.rb:99:in `block in tagged'
activesupport (6.1.1) lib/active_support/tagged_logging.rb:37:in `tagged'
activesupport (6.1.1) lib/active_support/tagged_logging.rb:99:in `tagged'
railties (6.1.1) lib/rails/rack/logger.rb:26:in `call'
sprockets-rails (3.2.2) lib/sprockets/rails/quiet_assets.rb:13:in `call'
actionpack (6.1.1) lib/action_dispatch/middleware/remote_ip.rb:81:in `call'
actionpack (6.1.1) lib/action_dispatch/middleware/request_id.rb:26:in `call'
rack (2.2.3) lib/rack/method_override.rb:24:in `call'
rack (2.2.3) lib/rack/runtime.rb:22:in `call'
activesupport (6.1.1) lib/active_support/cache/strategy/local_cache_middleware.rb:29:in `call'
actionpack (6.1.1) lib/action_dispatch/middleware/executor.rb:14:in `call'
actionpack (6.1.1) lib/action_dispatch/middleware/static.rb:24:in `call'
rack (2.2.3) lib/rack/sendfile.rb:110:in `call'
actionpack (6.1.1) lib/action_dispatch/middleware/host_authorization.rb:98:in `call'
rack-mini-profiler (2.3.0) lib/mini_profiler/profiler.rb:373:in `call'
webpacker (5.2.1) lib/webpacker/dev_server_proxy.rb:25:in `perform_request'
rack-proxy (0.6.5) lib/rack/proxy.rb:57:in `call'
railties (6.1.1) lib/rails/engine.rb:539:in `call'
puma (5.1.1) lib/puma/configuration.rb:246:in `call'
puma (5.1.1) lib/puma/request.rb:76:in `block in handle_request'
puma (5.1.1) lib/puma/thread_pool.rb:337:in `with_force_shutdown'
puma (5.1.1) lib/puma/request.rb:75:in `handle_request'
puma (5.1.1) lib/puma/server.rb:431:in `process_client'
puma (5.1.1) lib/puma/thread_pool.rb:145:in `block in spawn_thread'
  [1m[35m (569.2ms)[0m  [1m[35mCREATE DATABASE "server_development" ENCODING = 'unicode'[0m
  [1m[35m (317.3ms)[0m  [1m[35mCREATE DATABASE "server_test" ENCODING = 'unicode'[0m
  [1m[35m (10.4ms)[0m  [1m[35mCREATE TABLE "schema_migrations" ("version" character varying NOT NULL PRIMARY KEY)[0m
  [1m[35m (4.2ms)[0m  [1m[35mCREATE TABLE "ar_internal_metadata" ("key" character varying NOT NULL PRIMARY KEY, "value" character varying, "created_at" timestamp(6) NOT NULL, "updated_at" timestamp(6) NOT NULL)[0m
  [1m[35m (1.1ms)[0m  [1m[34mSELECT pg_try_advisory_lock(4709995827031202925)[0m
  [1m[35m (0.7ms)[0m  [1m[34mSELECT "schema_migrations"."version" FROM "schema_migrations" ORDER BY "schema_migrations"."version" ASC[0m
  [1m[36mActiveRecord::InternalMetadata Load (0.4ms)[0m  [1m[34mSELECT "ar_internal_metadata".* FROM "ar_internal_metadata" WHERE "ar_internal_metadata"."key" = $1 LIMIT $2[0m  [["key", "environment"], ["LIMIT", 1]]
  [1m[36mTRANSACTION (0.2ms)[0m  [1m[35mBEGIN[0m
  [1m[36mActiveRecord::InternalMetadata Create (1.2ms)[0m  [1m[32mINSERT INTO "ar_internal_metadata" ("key", "value", "created_at", "updated_at") VALUES ($1, $2, $3, $4) RETURNING "key"[0m  [["key", "environment"], ["value", "development"], ["created_at", "2021-01-27 13:19:38.154619"], ["updated_at", "2021-01-27 13:19:38.154619"]]
  [1m[36mTRANSACTION (0.5ms)[0m  [1m[35mCOMMIT[0m
  [1m[35m (0.3ms)[0m  [1m[34mSELECT pg_advisory_unlock(4709995827031202925)[0m
  [1m[35m (0.8ms)[0m  [1m[34mSELECT "schema_migrations"."version" FROM "schema_migrations" ORDER BY "schema_migrations"."version" ASC[0m
Started GET "/" for 127.0.0.1 at 2021-01-27 14:23:36 +0100
  [1m[35m (13.4ms)[0m  [1m[34mSELECT "schema_migrations"."version" FROM "schema_migrations" ORDER BY "schema_migrations"."version" ASC[0m
Processing by Rails::WelcomeController#index as HTML
  Rendering /var/lib/gems/2.5.0/gems/railties-6.1.1/lib/rails/templates/rails/welcome/index.html.erb
  Rendered /var/lib/gems/2.5.0/gems/railties-6.1.1/lib/rails/templates/rails/welcome/index.html.erb (Duration: 62.0ms | Allocations: 501)
Completed 200 OK in 174ms (Views: 71.9ms | ActiveRecord: 0.0ms | Allocations: 4109)


  [1m[35m (0.8ms)[0m  [1m[34mSELECT pg_try_advisory_lock(4709995827031202925)[0m
  [1m[35m (0.8ms)[0m  [1m[34mSELECT "schema_migrations"."version" FROM "schema_migrations" ORDER BY "schema_migrations"."version" ASC[0m
Migrating to CreatePosts (20210127133805)
  [1m[36mTRANSACTION (0.2ms)[0m  [1m[35mBEGIN[0m
  [1m[35m (12.2ms)[0m  [1m[35mCREATE TABLE "posts" ("id" bigserial primary key, "title" character varying, "content" character varying, "created_at" timestamp(6) NOT NULL, "updated_at" timestamp(6) NOT NULL)[0m
  [1m[36mActiveRecord::SchemaMigration Create (0.8ms)[0m  [1m[32mINSERT INTO "schema_migrations" ("version") VALUES ($1) RETURNING "version"[0m  [["version", "20210127133805"]]
  [1m[36mTRANSACTION (0.9ms)[0m  [1m[35mCOMMIT[0m
  [1m[36mActiveRecord::InternalMetadata Load (0.4ms)[0m  [1m[34mSELECT "ar_internal_metadata".* FROM "ar_internal_metadata" WHERE "ar_internal_metadata"."key" = $1 LIMIT $2[0m  [["key", "environment"], ["LIMIT", 1]]
  [1m[35m (0.3ms)[0m  [1m[34mSELECT pg_advisory_unlock(4709995827031202925)[0m
  [1m[35m (0.8ms)[0m  [1m[34mSELECT "schema_migrations"."version" FROM "schema_migrations" ORDER BY "schema_migrations"."version" ASC[0m
Started GET "/" for 127.0.0.1 at 2021-01-27 14:41:46 +0100
  [1m[35m (3.0ms)[0m  [1m[34mSELECT "schema_migrations"."version" FROM "schema_migrations" ORDER BY "schema_migrations"."version" ASC[0m
Processing by Rails::WelcomeController#index as HTML
  Rendering /var/lib/gems/2.5.0/gems/railties-6.1.1/lib/rails/templates/rails/welcome/index.html.erb
  Rendered /var/lib/gems/2.5.0/gems/railties-6.1.1/lib/rails/templates/rails/welcome/index.html.erb (Duration: 36.5ms | Allocations: 501)
Completed 200 OK in 118ms (Views: 42.1ms | ActiveRecord: 0.0ms | Allocations: 4125)


Started GET "/posts" for 127.0.0.1 at 2021-01-27 14:41:52 +0100
Processing by PostsController#index as HTML
  Rendering layout layouts/application.html.erb
  Rendering posts/index.html.erb within layouts/application
  [1m[36mPost Load (8.0ms)[0m  [1m[34mSELECT "posts".* FROM "posts"[0m
  ↳ app/views/posts/index.html.erb:6
  Rendered posts/index.html.erb within layouts/application (Duration: 21.9ms | Allocations: 1103)
[Webpacker] Compiling...
[Webpacker] Compiled all packs in /home/user42/Documents/ft_transcendence/server/public/packs
[Webpacker] Hash: 415a948d492e21802f43
Version: webpack 4.46.0
Time: 7504ms
Built at: 27/01/2021 14:42:03
                                     Asset       Size       Chunks                         Chunk Names
    js/application-d5a3c3b4dce84b5eb605.js    125 KiB  application  [emitted] [immutable]  application
js/application-d5a3c3b4dce84b5eb605.js.map    139 KiB  application  [emitted] [dev]        application
                             manifest.json  364 bytes               [emitted]              
Entrypoint application = js/application-d5a3c3b4dce84b5eb605.js js/application-d5a3c3b4dce84b5eb605.js.map
[./app/javascript/channels sync recursive _channel\.js$] ./app/javascript/channels sync _channel\.js$ 160 bytes {application} [built]
[./app/javascript/channels/index.js] 211 bytes {application} [built]
[./app/javascript/packs/application.js] 492 bytes {application} [built]
[./node_modules/webpack/buildin/module.js] (webpack)/buildin/module.js 552 bytes {application} [built]
    + 3 hidden modules

  Rendered layout layouts/application.html.erb (Duration: 11553.6ms | Allocations: 22624)
Completed 200 OK in 11572ms (Views: 11553.3ms | ActiveRecord: 8.0ms | Allocations: 24224)


Started GET "/" for 127.0.0.1 at 2021-01-27 14:46:33 +0100
  [1m[35m (1.9ms)[0m  [1m[34mSELECT "schema_migrations"."version" FROM "schema_migrations" ORDER BY "schema_migrations"."version" ASC[0m
Processing by Rails::WelcomeController#index as HTML
  Rendering /var/lib/gems/2.5.0/gems/railties-6.1.1/lib/rails/templates/rails/welcome/index.html.erb
  Rendered /var/lib/gems/2.5.0/gems/railties-6.1.1/lib/rails/templates/rails/welcome/index.html.erb (Duration: 34.3ms | Allocations: 501)
Completed 200 OK in 89ms (Views: 39.1ms | ActiveRecord: 0.0ms | Allocations: 4182)


Started GET "/posts" for 127.0.0.1 at 2021-01-27 14:46:43 +0100
Processing by PostsController#index as HTML
  Rendering layout layouts/application.html.erb
  Rendering posts/index.html.erb within layouts/application
  [1m[36mPost Load (8.3ms)[0m  [1m[34mSELECT "posts".* FROM "posts"[0m
  ↳ app/views/posts/index.html.erb:6
  Rendered posts/index.html.erb within layouts/application (Duration: 24.8ms | Allocations: 1103)
[Webpacker] Everything's up-to-date. Nothing to do
  Rendered layout layouts/application.html.erb (Duration: 69.0ms | Allocations: 7259)
Completed 200 OK in 95ms (Views: 76.7ms | ActiveRecord: 8.3ms | Allocations: 8913)


Started GET "/" for 127.0.0.1 at 2021-01-27 14:46:45 +0100
Processing by Rails::WelcomeController#index as HTML
  Rendering /var/lib/gems/2.5.0/gems/railties-6.1.1/lib/rails/templates/rails/welcome/index.html.erb
  Rendered /var/lib/gems/2.5.0/gems/railties-6.1.1/lib/rails/templates/rails/welcome/index.html.erb (Duration: 51.3ms | Allocations: 233)
Completed 200 OK in 58ms (Views: 55.0ms | ActiveRecord: 0.0ms | Allocations: 984)


Started GET "/" for 127.0.0.1 at 2021-01-29 09:40:44 +0100
  
ActiveRecord::ConnectionNotEstablished (could not connect to server: No such file or directory
	Is the server running locally and accepting
	connections on Unix domain socket "/var/run/postgresql/.s.PGSQL.5432"?
):
  
activerecord (6.1.1) lib/active_record/connection_adapters/postgresql_adapter.rb:83:in `rescue in new_client'
activerecord (6.1.1) lib/active_record/connection_adapters/postgresql_adapter.rb:77:in `new_client'
activerecord (6.1.1) lib/active_record/connection_adapters/postgresql_adapter.rb:37:in `postgresql_connection'
activerecord (6.1.1) lib/active_record/connection_adapters/abstract/connection_pool.rb:882:in `public_send'
activerecord (6.1.1) lib/active_record/connection_adapters/abstract/connection_pool.rb:882:in `new_connection'
activerecord (6.1.1) lib/active_record/connection_adapters/abstract/connection_pool.rb:926:in `checkout_new_connection'
activerecord (6.1.1) lib/active_record/connection_adapters/abstract/connection_pool.rb:905:in `try_to_checkout_new_connection'
activerecord (6.1.1) lib/active_record/connection_adapters/abstract/connection_pool.rb:866:in `acquire_connection'
activerecord (6.1.1) lib/active_record/connection_adapters/abstract/connection_pool.rb:588:in `checkout'
activerecord (6.1.1) lib/active_record/connection_adapters/abstract/connection_pool.rb:428:in `connection'
activerecord (6.1.1) lib/active_record/connection_adapters/abstract/connection_pool.rb:1128:in `retrieve_connection'
activerecord (6.1.1) lib/active_record/connection_handling.rb:319:in `retrieve_connection'
activerecord (6.1.1) lib/active_record/connection_handling.rb:275:in `connection'
activerecord (6.1.1) lib/active_record/migration.rb:611:in `connection'
activerecord (6.1.1) lib/active_record/migration.rb:606:in `build_watcher'
activerecord (6.1.1) lib/active_record/migration.rb:588:in `block in call'
activerecord (6.1.1) lib/active_record/migration.rb:587:in `synchronize'
activerecord (6.1.1) lib/active_record/migration.rb:587:in `call'
actionpack (6.1.1) lib/action_dispatch/middleware/callbacks.rb:27:in `block in call'
activesupport (6.1.1) lib/active_support/callbacks.rb:98:in `run_callbacks'
actionpack (6.1.1) lib/action_dispatch/middleware/callbacks.rb:26:in `call'
actionpack (6.1.1) lib/action_dispatch/middleware/executor.rb:14:in `call'
actionpack (6.1.1) lib/action_dispatch/middleware/actionable_exceptions.rb:18:in `call'
actionpack (6.1.1) lib/action_dispatch/middleware/debug_exceptions.rb:29:in `call'
web-console (4.1.0) lib/web_console/middleware.rb:132:in `call_app'
web-console (4.1.0) lib/web_console/middleware.rb:28:in `block in call'
web-console (4.1.0) lib/web_console/middleware.rb:17:in `catch'
web-console (4.1.0) lib/web_console/middleware.rb:17:in `call'
actionpack (6.1.1) lib/action_dispatch/middleware/show_exceptions.rb:33:in `call'
railties (6.1.1) lib/rails/rack/logger.rb:37:in `call_app'
railties (6.1.1) lib/rails/rack/logger.rb:26:in `block in call'
activesupport (6.1.1) lib/active_support/tagged_logging.rb:99:in `block in tagged'
activesupport (6.1.1) lib/active_support/tagged_logging.rb:37:in `tagged'
activesupport (6.1.1) lib/active_support/tagged_logging.rb:99:in `tagged'
railties (6.1.1) lib/rails/rack/logger.rb:26:in `call'
sprockets-rails (3.2.2) lib/sprockets/rails/quiet_assets.rb:13:in `call'
actionpack (6.1.1) lib/action_dispatch/middleware/remote_ip.rb:81:in `call'
actionpack (6.1.1) lib/action_dispatch/middleware/request_id.rb:26:in `call'
rack (2.2.3) lib/rack/method_override.rb:24:in `call'
rack (2.2.3) lib/rack/runtime.rb:22:in `call'
activesupport (6.1.1) lib/active_support/cache/strategy/local_cache_middleware.rb:29:in `call'
actionpack (6.1.1) lib/action_dispatch/middleware/executor.rb:14:in `call'
actionpack (6.1.1) lib/action_dispatch/middleware/static.rb:24:in `call'
rack (2.2.3) lib/rack/sendfile.rb:110:in `call'
actionpack (6.1.1) lib/action_dispatch/middleware/host_authorization.rb:98:in `call'
rack-mini-profiler (2.3.0) lib/mini_profiler/profiler.rb:373:in `call'
webpacker (5.2.1) lib/webpacker/dev_server_proxy.rb:25:in `perform_request'
rack-proxy (0.6.5) lib/rack/proxy.rb:57:in `call'
railties (6.1.1) lib/rails/engine.rb:539:in `call'
puma (5.1.1) lib/puma/configuration.rb:246:in `call'
puma (5.1.1) lib/puma/request.rb:76:in `block in handle_request'
puma (5.1.1) lib/puma/thread_pool.rb:337:in `with_force_shutdown'
puma (5.1.1) lib/puma/request.rb:75:in `handle_request'
puma (5.1.1) lib/puma/server.rb:431:in `process_client'
puma (5.1.1) lib/puma/thread_pool.rb:145:in `block in spawn_thread'
Started GET "/" for 127.0.0.1 at 2021-01-29 09:41:17 +0100
  
ActiveRecord::ConnectionNotEstablished (could not connect to server: No such file or directory
	Is the server running locally and accepting
	connections on Unix domain socket "/var/run/postgresql/.s.PGSQL.5432"?
):
  
activerecord (6.1.1) lib/active_record/connection_adapters/postgresql_adapter.rb:83:in `rescue in new_client'
activerecord (6.1.1) lib/active_record/connection_adapters/postgresql_adapter.rb:77:in `new_client'
activerecord (6.1.1) lib/active_record/connection_adapters/postgresql_adapter.rb:37:in `postgresql_connection'
activerecord (6.1.1) lib/active_record/connection_adapters/abstract/connection_pool.rb:882:in `public_send'
activerecord (6.1.1) lib/active_record/connection_adapters/abstract/connection_pool.rb:882:in `new_connection'
activerecord (6.1.1) lib/active_record/connection_adapters/abstract/connection_pool.rb:926:in `checkout_new_connection'
activerecord (6.1.1) lib/active_record/connection_adapters/abstract/connection_pool.rb:905:in `try_to_checkout_new_connection'
activerecord (6.1.1) lib/active_record/connection_adapters/abstract/connection_pool.rb:866:in `acquire_connection'
activerecord (6.1.1) lib/active_record/connection_adapters/abstract/connection_pool.rb:588:in `checkout'
activerecord (6.1.1) lib/active_record/connection_adapters/abstract/connection_pool.rb:428:in `connection'
activerecord (6.1.1) lib/active_record/connection_adapters/abstract/connection_pool.rb:1128:in `retrieve_connection'
activerecord (6.1.1) lib/active_record/connection_handling.rb:319:in `retrieve_connection'
activerecord (6.1.1) lib/active_record/connection_handling.rb:275:in `connection'
activerecord (6.1.1) lib/active_record/migration.rb:611:in `connection'
activerecord (6.1.1) lib/active_record/migration.rb:606:in `build_watcher'
activerecord (6.1.1) lib/active_record/migration.rb:588:in `block in call'
activerecord (6.1.1) lib/active_record/migration.rb:587:in `synchronize'
activerecord (6.1.1) lib/active_record/migration.rb:587:in `call'
actionpack (6.1.1) lib/action_dispatch/middleware/callbacks.rb:27:in `block in call'
activesupport (6.1.1) lib/active_support/callbacks.rb:98:in `run_callbacks'
actionpack (6.1.1) lib/action_dispatch/middleware/callbacks.rb:26:in `call'
actionpack (6.1.1) lib/action_dispatch/middleware/executor.rb:14:in `call'
actionpack (6.1.1) lib/action_dispatch/middleware/actionable_exceptions.rb:18:in `call'
actionpack (6.1.1) lib/action_dispatch/middleware/debug_exceptions.rb:29:in `call'
web-console (4.1.0) lib/web_console/middleware.rb:132:in `call_app'
web-console (4.1.0) lib/web_console/middleware.rb:28:in `block in call'
web-console (4.1.0) lib/web_console/middleware.rb:17:in `catch'
web-console (4.1.0) lib/web_console/middleware.rb:17:in `call'
actionpack (6.1.1) lib/action_dispatch/middleware/show_exceptions.rb:33:in `call'
railties (6.1.1) lib/rails/rack/logger.rb:37:in `call_app'
railties (6.1.1) lib/rails/rack/logger.rb:26:in `block in call'
activesupport (6.1.1) lib/active_support/tagged_logging.rb:99:in `block in tagged'
activesupport (6.1.1) lib/active_support/tagged_logging.rb:37:in `tagged'
activesupport (6.1.1) lib/active_support/tagged_logging.rb:99:in `tagged'
railties (6.1.1) lib/rails/rack/logger.rb:26:in `call'
sprockets-rails (3.2.2) lib/sprockets/rails/quiet_assets.rb:13:in `call'
actionpack (6.1.1) lib/action_dispatch/middleware/remote_ip.rb:81:in `call'
actionpack (6.1.1) lib/action_dispatch/middleware/request_id.rb:26:in `call'
rack (2.2.3) lib/rack/method_override.rb:24:in `call'
rack (2.2.3) lib/rack/runtime.rb:22:in `call'
activesupport (6.1.1) lib/active_support/cache/strategy/local_cache_middleware.rb:29:in `call'
actionpack (6.1.1) lib/action_dispatch/middleware/executor.rb:14:in `call'
actionpack (6.1.1) lib/action_dispatch/middleware/static.rb:24:in `call'
rack (2.2.3) lib/rack/sendfile.rb:110:in `call'
actionpack (6.1.1) lib/action_dispatch/middleware/host_authorization.rb:98:in `call'
rack-mini-profiler (2.3.0) lib/mini_profiler/profiler.rb:373:in `call'
webpacker (5.2.1) lib/webpacker/dev_server_proxy.rb:25:in `perform_request'
rack-proxy (0.6.5) lib/rack/proxy.rb:57:in `call'
railties (6.1.1) lib/rails/engine.rb:539:in `call'
puma (5.1.1) lib/puma/configuration.rb:246:in `call'
puma (5.1.1) lib/puma/request.rb:76:in `block in handle_request'
puma (5.1.1) lib/puma/thread_pool.rb:337:in `with_force_shutdown'
puma (5.1.1) lib/puma/request.rb:75:in `handle_request'
puma (5.1.1) lib/puma/server.rb:431:in `process_client'
puma (5.1.1) lib/puma/thread_pool.rb:145:in `block in spawn_thread'
Started GET "/" for 127.0.0.1 at 2021-01-29 09:41:50 +0100
  
ActiveRecord::ConnectionNotEstablished (could not connect to server: No such file or directory
	Is the server running locally and accepting
	connections on Unix domain socket "/var/run/postgresql/.s.PGSQL.5432"?
):
  
activerecord (6.1.1) lib/active_record/connection_adapters/postgresql_adapter.rb:83:in `rescue in new_client'
activerecord (6.1.1) lib/active_record/connection_adapters/postgresql_adapter.rb:77:in `new_client'
activerecord (6.1.1) lib/active_record/connection_adapters/postgresql_adapter.rb:37:in `postgresql_connection'
activerecord (6.1.1) lib/active_record/connection_adapters/abstract/connection_pool.rb:882:in `public_send'
activerecord (6.1.1) lib/active_record/connection_adapters/abstract/connection_pool.rb:882:in `new_connection'
activerecord (6.1.1) lib/active_record/connection_adapters/abstract/connection_pool.rb:926:in `checkout_new_connection'
activerecord (6.1.1) lib/active_record/connection_adapters/abstract/connection_pool.rb:905:in `try_to_checkout_new_connection'
activerecord (6.1.1) lib/active_record/connection_adapters/abstract/connection_pool.rb:866:in `acquire_connection'
activerecord (6.1.1) lib/active_record/connection_adapters/abstract/connection_pool.rb:588:in `checkout'
activerecord (6.1.1) lib/active_record/connection_adapters/abstract/connection_pool.rb:428:in `connection'
activerecord (6.1.1) lib/active_record/connection_adapters/abstract/connection_pool.rb:1128:in `retrieve_connection'
activerecord (6.1.1) lib/active_record/connection_handling.rb:319:in `retrieve_connection'
activerecord (6.1.1) lib/active_record/connection_handling.rb:275:in `connection'
activerecord (6.1.1) lib/active_record/migration.rb:611:in `connection'
activerecord (6.1.1) lib/active_record/migration.rb:606:in `build_watcher'
activerecord (6.1.1) lib/active_record/migration.rb:588:in `block in call'
activerecord (6.1.1) lib/active_record/migration.rb:587:in `synchronize'
activerecord (6.1.1) lib/active_record/migration.rb:587:in `call'
actionpack (6.1.1) lib/action_dispatch/middleware/callbacks.rb:27:in `block in call'
activesupport (6.1.1) lib/active_support/callbacks.rb:98:in `run_callbacks'
actionpack (6.1.1) lib/action_dispatch/middleware/callbacks.rb:26:in `call'
actionpack (6.1.1) lib/action_dispatch/middleware/executor.rb:14:in `call'
actionpack (6.1.1) lib/action_dispatch/middleware/actionable_exceptions.rb:18:in `call'
actionpack (6.1.1) lib/action_dispatch/middleware/debug_exceptions.rb:29:in `call'
web-console (4.1.0) lib/web_console/middleware.rb:132:in `call_app'
web-console (4.1.0) lib/web_console/middleware.rb:28:in `block in call'
web-console (4.1.0) lib/web_console/middleware.rb:17:in `catch'
web-console (4.1.0) lib/web_console/middleware.rb:17:in `call'
actionpack (6.1.1) lib/action_dispatch/middleware/show_exceptions.rb:33:in `call'
railties (6.1.1) lib/rails/rack/logger.rb:37:in `call_app'
railties (6.1.1) lib/rails/rack/logger.rb:26:in `block in call'
activesupport (6.1.1) lib/active_support/tagged_logging.rb:99:in `block in tagged'
activesupport (6.1.1) lib/active_support/tagged_logging.rb:37:in `tagged'
activesupport (6.1.1) lib/active_support/tagged_logging.rb:99:in `tagged'
railties (6.1.1) lib/rails/rack/logger.rb:26:in `call'
sprockets-rails (3.2.2) lib/sprockets/rails/quiet_assets.rb:13:in `call'
actionpack (6.1.1) lib/action_dispatch/middleware/remote_ip.rb:81:in `call'
actionpack (6.1.1) lib/action_dispatch/middleware/request_id.rb:26:in `call'
rack (2.2.3) lib/rack/method_override.rb:24:in `call'
rack (2.2.3) lib/rack/runtime.rb:22:in `call'
activesupport (6.1.1) lib/active_support/cache/strategy/local_cache_middleware.rb:29:in `call'
actionpack (6.1.1) lib/action_dispatch/middleware/executor.rb:14:in `call'
actionpack (6.1.1) lib/action_dispatch/middleware/static.rb:24:in `call'
rack (2.2.3) lib/rack/sendfile.rb:110:in `call'
actionpack (6.1.1) lib/action_dispatch/middleware/host_authorization.rb:98:in `call'
rack-mini-profiler (2.3.0) lib/mini_profiler/profiler.rb:373:in `call'
webpacker (5.2.1) lib/webpacker/dev_server_proxy.rb:25:in `perform_request'
rack-proxy (0.6.5) lib/rack/proxy.rb:57:in `call'
railties (6.1.1) lib/rails/engine.rb:539:in `call'
puma (5.1.1) lib/puma/configuration.rb:246:in `call'
puma (5.1.1) lib/puma/request.rb:76:in `block in handle_request'
puma (5.1.1) lib/puma/thread_pool.rb:337:in `with_force_shutdown'
puma (5.1.1) lib/puma/request.rb:75:in `handle_request'
puma (5.1.1) lib/puma/server.rb:431:in `process_client'
puma (5.1.1) lib/puma/thread_pool.rb:145:in `block in spawn_thread'
Started GET "/" for 127.0.0.1 at 2021-01-29 09:42:23 +0100
  
ActiveRecord::ConnectionNotEstablished (could not connect to server: No such file or directory
	Is the server running locally and accepting
	connections on Unix domain socket "/var/run/postgresql/.s.PGSQL.5432"?
):
  
activerecord (6.1.1) lib/active_record/connection_adapters/postgresql_adapter.rb:83:in `rescue in new_client'
activerecord (6.1.1) lib/active_record/connection_adapters/postgresql_adapter.rb:77:in `new_client'
activerecord (6.1.1) lib/active_record/connection_adapters/postgresql_adapter.rb:37:in `postgresql_connection'
activerecord (6.1.1) lib/active_record/connection_adapters/abstract/connection_pool.rb:882:in `public_send'
activerecord (6.1.1) lib/active_record/connection_adapters/abstract/connection_pool.rb:882:in `new_connection'
activerecord (6.1.1) lib/active_record/connection_adapters/abstract/connection_pool.rb:926:in `checkout_new_connection'
activerecord (6.1.1) lib/active_record/connection_adapters/abstract/connection_pool.rb:905:in `try_to_checkout_new_connection'
activerecord (6.1.1) lib/active_record/connection_adapters/abstract/connection_pool.rb:866:in `acquire_connection'
activerecord (6.1.1) lib/active_record/connection_adapters/abstract/connection_pool.rb:588:in `checkout'
activerecord (6.1.1) lib/active_record/connection_adapters/abstract/connection_pool.rb:428:in `connection'
activerecord (6.1.1) lib/active_record/connection_adapters/abstract/connection_pool.rb:1128:in `retrieve_connection'
activerecord (6.1.1) lib/active_record/connection_handling.rb:319:in `retrieve_connection'
activerecord (6.1.1) lib/active_record/connection_handling.rb:275:in `connection'
activerecord (6.1.1) lib/active_record/migration.rb:611:in `connection'
activerecord (6.1.1) lib/active_record/migration.rb:606:in `build_watcher'
activerecord (6.1.1) lib/active_record/migration.rb:588:in `block in call'
activerecord (6.1.1) lib/active_record/migration.rb:587:in `synchronize'
activerecord (6.1.1) lib/active_record/migration.rb:587:in `call'
actionpack (6.1.1) lib/action_dispatch/middleware/callbacks.rb:27:in `block in call'
activesupport (6.1.1) lib/active_support/callbacks.rb:98:in `run_callbacks'
actionpack (6.1.1) lib/action_dispatch/middleware/callbacks.rb:26:in `call'
actionpack (6.1.1) lib/action_dispatch/middleware/executor.rb:14:in `call'
actionpack (6.1.1) lib/action_dispatch/middleware/actionable_exceptions.rb:18:in `call'
actionpack (6.1.1) lib/action_dispatch/middleware/debug_exceptions.rb:29:in `call'
web-console (4.1.0) lib/web_console/middleware.rb:132:in `call_app'
web-console (4.1.0) lib/web_console/middleware.rb:28:in `block in call'
web-console (4.1.0) lib/web_console/middleware.rb:17:in `catch'
web-console (4.1.0) lib/web_console/middleware.rb:17:in `call'
actionpack (6.1.1) lib/action_dispatch/middleware/show_exceptions.rb:33:in `call'
railties (6.1.1) lib/rails/rack/logger.rb:37:in `call_app'
railties (6.1.1) lib/rails/rack/logger.rb:26:in `block in call'
activesupport (6.1.1) lib/active_support/tagged_logging.rb:99:in `block in tagged'
activesupport (6.1.1) lib/active_support/tagged_logging.rb:37:in `tagged'
activesupport (6.1.1) lib/active_support/tagged_logging.rb:99:in `tagged'
railties (6.1.1) lib/rails/rack/logger.rb:26:in `call'
sprockets-rails (3.2.2) lib/sprockets/rails/quiet_assets.rb:13:in `call'
actionpack (6.1.1) lib/action_dispatch/middleware/remote_ip.rb:81:in `call'
actionpack (6.1.1) lib/action_dispatch/middleware/request_id.rb:26:in `call'
rack (2.2.3) lib/rack/method_override.rb:24:in `call'
rack (2.2.3) lib/rack/runtime.rb:22:in `call'
activesupport (6.1.1) lib/active_support/cache/strategy/local_cache_middleware.rb:29:in `call'
actionpack (6.1.1) lib/action_dispatch/middleware/executor.rb:14:in `call'
actionpack (6.1.1) lib/action_dispatch/middleware/static.rb:24:in `call'
rack (2.2.3) lib/rack/sendfile.rb:110:in `call'
actionpack (6.1.1) lib/action_dispatch/middleware/host_authorization.rb:98:in `call'
rack-mini-profiler (2.3.0) lib/mini_profiler/profiler.rb:373:in `call'
webpacker (5.2.1) lib/webpacker/dev_server_proxy.rb:25:in `perform_request'
rack-proxy (0.6.5) lib/rack/proxy.rb:57:in `call'
railties (6.1.1) lib/rails/engine.rb:539:in `call'
puma (5.1.1) lib/puma/configuration.rb:246:in `call'
puma (5.1.1) lib/puma/request.rb:76:in `block in handle_request'
puma (5.1.1) lib/puma/thread_pool.rb:337:in `with_force_shutdown'
puma (5.1.1) lib/puma/request.rb:75:in `handle_request'
puma (5.1.1) lib/puma/server.rb:431:in `process_client'
puma (5.1.1) lib/puma/thread_pool.rb:145:in `block in spawn_thread'
Started GET "/" for 172.18.0.1 at 2021-01-29 09:42:52 +0100
Cannot render console from 172.18.0.1! Allowed networks: 127.0.0.0/127.255.255.255, ::1
  
ActiveRecord::ConnectionNotEstablished (could not connect to server: No such file or directory
	Is the server running locally and accepting
	connections on Unix domain socket "/var/run/postgresql/.s.PGSQL.5432"?
):
  
activerecord (6.1.1) lib/active_record/connection_adapters/postgresql_adapter.rb:83:in `rescue in new_client'
activerecord (6.1.1) lib/active_record/connection_adapters/postgresql_adapter.rb:77:in `new_client'
activerecord (6.1.1) lib/active_record/connection_adapters/postgresql_adapter.rb:37:in `postgresql_connection'
activerecord (6.1.1) lib/active_record/connection_adapters/abstract/connection_pool.rb:882:in `public_send'
activerecord (6.1.1) lib/active_record/connection_adapters/abstract/connection_pool.rb:882:in `new_connection'
activerecord (6.1.1) lib/active_record/connection_adapters/abstract/connection_pool.rb:926:in `checkout_new_connection'
activerecord (6.1.1) lib/active_record/connection_adapters/abstract/connection_pool.rb:905:in `try_to_checkout_new_connection'
activerecord (6.1.1) lib/active_record/connection_adapters/abstract/connection_pool.rb:866:in `acquire_connection'
activerecord (6.1.1) lib/active_record/connection_adapters/abstract/connection_pool.rb:588:in `checkout'
activerecord (6.1.1) lib/active_record/connection_adapters/abstract/connection_pool.rb:428:in `connection'
activerecord (6.1.1) lib/active_record/connection_adapters/abstract/connection_pool.rb:1128:in `retrieve_connection'
activerecord (6.1.1) lib/active_record/connection_handling.rb:319:in `retrieve_connection'
activerecord (6.1.1) lib/active_record/connection_handling.rb:275:in `connection'
activerecord (6.1.1) lib/active_record/migration.rb:611:in `connection'
activerecord (6.1.1) lib/active_record/migration.rb:606:in `build_watcher'
activerecord (6.1.1) lib/active_record/migration.rb:588:in `block in call'
activerecord (6.1.1) lib/active_record/migration.rb:587:in `synchronize'
activerecord (6.1.1) lib/active_record/migration.rb:587:in `call'
actionpack (6.1.1) lib/action_dispatch/middleware/callbacks.rb:27:in `block in call'
activesupport (6.1.1) lib/active_support/callbacks.rb:98:in `run_callbacks'
actionpack (6.1.1) lib/action_dispatch/middleware/callbacks.rb:26:in `call'
actionpack (6.1.1) lib/action_dispatch/middleware/executor.rb:14:in `call'
actionpack (6.1.1) lib/action_dispatch/middleware/actionable_exceptions.rb:18:in `call'
actionpack (6.1.1) lib/action_dispatch/middleware/debug_exceptions.rb:29:in `call'
web-console (4.1.0) lib/web_console/middleware.rb:132:in `call_app'
web-console (4.1.0) lib/web_console/middleware.rb:19:in `block in call'
web-console (4.1.0) lib/web_console/middleware.rb:17:in `catch'
web-console (4.1.0) lib/web_console/middleware.rb:17:in `call'
actionpack (6.1.1) lib/action_dispatch/middleware/show_exceptions.rb:33:in `call'
railties (6.1.1) lib/rails/rack/logger.rb:37:in `call_app'
railties (6.1.1) lib/rails/rack/logger.rb:26:in `block in call'
activesupport (6.1.1) lib/active_support/tagged_logging.rb:99:in `block in tagged'
activesupport (6.1.1) lib/active_support/tagged_logging.rb:37:in `tagged'
activesupport (6.1.1) lib/active_support/tagged_logging.rb:99:in `tagged'
railties (6.1.1) lib/rails/rack/logger.rb:26:in `call'
sprockets-rails (3.2.2) lib/sprockets/rails/quiet_assets.rb:13:in `call'
actionpack (6.1.1) lib/action_dispatch/middleware/remote_ip.rb:81:in `call'
actionpack (6.1.1) lib/action_dispatch/middleware/request_id.rb:26:in `call'
rack (2.2.3) lib/rack/method_override.rb:24:in `call'
rack (2.2.3) lib/rack/runtime.rb:22:in `call'
activesupport (6.1.1) lib/active_support/cache/strategy/local_cache_middleware.rb:29:in `call'
actionpack (6.1.1) lib/action_dispatch/middleware/executor.rb:14:in `call'
actionpack (6.1.1) lib/action_dispatch/middleware/static.rb:24:in `call'
rack (2.2.3) lib/rack/sendfile.rb:110:in `call'
actionpack (6.1.1) lib/action_dispatch/middleware/host_authorization.rb:98:in `call'
rack-mini-profiler (2.3.0) lib/mini_profiler/profiler.rb:373:in `call'
webpacker (5.2.1) lib/webpacker/dev_server_proxy.rb:25:in `perform_request'
rack-proxy (0.6.5) lib/rack/proxy.rb:57:in `call'
railties (6.1.1) lib/rails/engine.rb:539:in `call'
puma (5.1.1) lib/puma/configuration.rb:246:in `call'
puma (5.1.1) lib/puma/request.rb:76:in `block in handle_request'
puma (5.1.1) lib/puma/thread_pool.rb:337:in `with_force_shutdown'
puma (5.1.1) lib/puma/request.rb:75:in `handle_request'
puma (5.1.1) lib/puma/server.rb:431:in `process_client'
puma (5.1.1) lib/puma/thread_pool.rb:145:in `block in spawn_thread'
Started GET "/" for 127.0.0.1 at 2021-01-29 09:42:55 +0100
  
ActiveRecord::ConnectionNotEstablished (could not connect to server: No such file or directory
	Is the server running locally and accepting
	connections on Unix domain socket "/var/run/postgresql/.s.PGSQL.5432"?
):
  
activerecord (6.1.1) lib/active_record/connection_adapters/postgresql_adapter.rb:83:in `rescue in new_client'
activerecord (6.1.1) lib/active_record/connection_adapters/postgresql_adapter.rb:77:in `new_client'
activerecord (6.1.1) lib/active_record/connection_adapters/postgresql_adapter.rb:37:in `postgresql_connection'
activerecord (6.1.1) lib/active_record/connection_adapters/abstract/connection_pool.rb:882:in `public_send'
activerecord (6.1.1) lib/active_record/connection_adapters/abstract/connection_pool.rb:882:in `new_connection'
activerecord (6.1.1) lib/active_record/connection_adapters/abstract/connection_pool.rb:926:in `checkout_new_connection'
activerecord (6.1.1) lib/active_record/connection_adapters/abstract/connection_pool.rb:905:in `try_to_checkout_new_connection'
activerecord (6.1.1) lib/active_record/connection_adapters/abstract/connection_pool.rb:866:in `acquire_connection'
activerecord (6.1.1) lib/active_record/connection_adapters/abstract/connection_pool.rb:588:in `checkout'
activerecord (6.1.1) lib/active_record/connection_adapters/abstract/connection_pool.rb:428:in `connection'
activerecord (6.1.1) lib/active_record/connection_adapters/abstract/connection_pool.rb:1128:in `retrieve_connection'
activerecord (6.1.1) lib/active_record/connection_handling.rb:319:in `retrieve_connection'
activerecord (6.1.1) lib/active_record/connection_handling.rb:275:in `connection'
activerecord (6.1.1) lib/active_record/migration.rb:611:in `connection'
activerecord (6.1.1) lib/active_record/migration.rb:606:in `build_watcher'
activerecord (6.1.1) lib/active_record/migration.rb:588:in `block in call'
activerecord (6.1.1) lib/active_record/migration.rb:587:in `synchronize'
activerecord (6.1.1) lib/active_record/migration.rb:587:in `call'
actionpack (6.1.1) lib/action_dispatch/middleware/callbacks.rb:27:in `block in call'
activesupport (6.1.1) lib/active_support/callbacks.rb:98:in `run_callbacks'
actionpack (6.1.1) lib/action_dispatch/middleware/callbacks.rb:26:in `call'
actionpack (6.1.1) lib/action_dispatch/middleware/executor.rb:14:in `call'
actionpack (6.1.1) lib/action_dispatch/middleware/actionable_exceptions.rb:18:in `call'
actionpack (6.1.1) lib/action_dispatch/middleware/debug_exceptions.rb:29:in `call'
web-console (4.1.0) lib/web_console/middleware.rb:132:in `call_app'
web-console (4.1.0) lib/web_console/middleware.rb:28:in `block in call'
web-console (4.1.0) lib/web_console/middleware.rb:17:in `catch'
web-console (4.1.0) lib/web_console/middleware.rb:17:in `call'
actionpack (6.1.1) lib/action_dispatch/middleware/show_exceptions.rb:33:in `call'
railties (6.1.1) lib/rails/rack/logger.rb:37:in `call_app'
railties (6.1.1) lib/rails/rack/logger.rb:26:in `block in call'
activesupport (6.1.1) lib/active_support/tagged_logging.rb:99:in `block in tagged'
activesupport (6.1.1) lib/active_support/tagged_logging.rb:37:in `tagged'
activesupport (6.1.1) lib/active_support/tagged_logging.rb:99:in `tagged'
railties (6.1.1) lib/rails/rack/logger.rb:26:in `call'
sprockets-rails (3.2.2) lib/sprockets/rails/quiet_assets.rb:13:in `call'
actionpack (6.1.1) lib/action_dispatch/middleware/remote_ip.rb:81:in `call'
actionpack (6.1.1) lib/action_dispatch/middleware/request_id.rb:26:in `call'
rack (2.2.3) lib/rack/method_override.rb:24:in `call'
rack (2.2.3) lib/rack/runtime.rb:22:in `call'
activesupport (6.1.1) lib/active_support/cache/strategy/local_cache_middleware.rb:29:in `call'
actionpack (6.1.1) lib/action_dispatch/middleware/executor.rb:14:in `call'
actionpack (6.1.1) lib/action_dispatch/middleware/static.rb:24:in `call'
rack (2.2.3) lib/rack/sendfile.rb:110:in `call'
actionpack (6.1.1) lib/action_dispatch/middleware/host_authorization.rb:98:in `call'
rack-mini-profiler (2.3.0) lib/mini_profiler/profiler.rb:373:in `call'
webpacker (5.2.1) lib/webpacker/dev_server_proxy.rb:25:in `perform_request'
rack-proxy (0.6.5) lib/rack/proxy.rb:57:in `call'
railties (6.1.1) lib/rails/engine.rb:539:in `call'
puma (5.1.1) lib/puma/configuration.rb:246:in `call'
puma (5.1.1) lib/puma/request.rb:76:in `block in handle_request'
puma (5.1.1) lib/puma/thread_pool.rb:337:in `with_force_shutdown'
puma (5.1.1) lib/puma/request.rb:75:in `handle_request'
puma (5.1.1) lib/puma/server.rb:431:in `process_client'
puma (5.1.1) lib/puma/thread_pool.rb:145:in `block in spawn_thread'
Started GET "/" for 127.0.0.1 at 2021-01-29 09:43:28 +0100
  
ActiveRecord::ConnectionNotEstablished (could not connect to server: No such file or directory
	Is the server running locally and accepting
	connections on Unix domain socket "/var/run/postgresql/.s.PGSQL.5432"?
):
  
activerecord (6.1.1) lib/active_record/connection_adapters/postgresql_adapter.rb:83:in `rescue in new_client'
activerecord (6.1.1) lib/active_record/connection_adapters/postgresql_adapter.rb:77:in `new_client'
activerecord (6.1.1) lib/active_record/connection_adapters/postgresql_adapter.rb:37:in `postgresql_connection'
activerecord (6.1.1) lib/active_record/connection_adapters/abstract/connection_pool.rb:882:in `public_send'
activerecord (6.1.1) lib/active_record/connection_adapters/abstract/connection_pool.rb:882:in `new_connection'
activerecord (6.1.1) lib/active_record/connection_adapters/abstract/connection_pool.rb:926:in `checkout_new_connection'
activerecord (6.1.1) lib/active_record/connection_adapters/abstract/connection_pool.rb:905:in `try_to_checkout_new_connection'
activerecord (6.1.1) lib/active_record/connection_adapters/abstract/connection_pool.rb:866:in `acquire_connection'
activerecord (6.1.1) lib/active_record/connection_adapters/abstract/connection_pool.rb:588:in `checkout'
activerecord (6.1.1) lib/active_record/connection_adapters/abstract/connection_pool.rb:428:in `connection'
activerecord (6.1.1) lib/active_record/connection_adapters/abstract/connection_pool.rb:1128:in `retrieve_connection'
activerecord (6.1.1) lib/active_record/connection_handling.rb:319:in `retrieve_connection'
activerecord (6.1.1) lib/active_record/connection_handling.rb:275:in `connection'
activerecord (6.1.1) lib/active_record/migration.rb:611:in `connection'
activerecord (6.1.1) lib/active_record/migration.rb:606:in `build_watcher'
activerecord (6.1.1) lib/active_record/migration.rb:588:in `block in call'
activerecord (6.1.1) lib/active_record/migration.rb:587:in `synchronize'
activerecord (6.1.1) lib/active_record/migration.rb:587:in `call'
actionpack (6.1.1) lib/action_dispatch/middleware/callbacks.rb:27:in `block in call'
activesupport (6.1.1) lib/active_support/callbacks.rb:98:in `run_callbacks'
actionpack (6.1.1) lib/action_dispatch/middleware/callbacks.rb:26:in `call'
actionpack (6.1.1) lib/action_dispatch/middleware/executor.rb:14:in `call'
actionpack (6.1.1) lib/action_dispatch/middleware/actionable_exceptions.rb:18:in `call'
actionpack (6.1.1) lib/action_dispatch/middleware/debug_exceptions.rb:29:in `call'
web-console (4.1.0) lib/web_console/middleware.rb:132:in `call_app'
web-console (4.1.0) lib/web_console/middleware.rb:28:in `block in call'
web-console (4.1.0) lib/web_console/middleware.rb:17:in `catch'
web-console (4.1.0) lib/web_console/middleware.rb:17:in `call'
actionpack (6.1.1) lib/action_dispatch/middleware/show_exceptions.rb:33:in `call'
railties (6.1.1) lib/rails/rack/logger.rb:37:in `call_app'
railties (6.1.1) lib/rails/rack/logger.rb:26:in `block in call'
activesupport (6.1.1) lib/active_support/tagged_logging.rb:99:in `block in tagged'
activesupport (6.1.1) lib/active_support/tagged_logging.rb:37:in `tagged'
activesupport (6.1.1) lib/active_support/tagged_logging.rb:99:in `tagged'
railties (6.1.1) lib/rails/rack/logger.rb:26:in `call'
sprockets-rails (3.2.2) lib/sprockets/rails/quiet_assets.rb:13:in `call'
actionpack (6.1.1) lib/action_dispatch/middleware/remote_ip.rb:81:in `call'
actionpack (6.1.1) lib/action_dispatch/middleware/request_id.rb:26:in `call'
rack (2.2.3) lib/rack/method_override.rb:24:in `call'
rack (2.2.3) lib/rack/runtime.rb:22:in `call'
activesupport (6.1.1) lib/active_support/cache/strategy/local_cache_middleware.rb:29:in `call'
actionpack (6.1.1) lib/action_dispatch/middleware/executor.rb:14:in `call'
actionpack (6.1.1) lib/action_dispatch/middleware/static.rb:24:in `call'
rack (2.2.3) lib/rack/sendfile.rb:110:in `call'
actionpack (6.1.1) lib/action_dispatch/middleware/host_authorization.rb:98:in `call'
rack-mini-profiler (2.3.0) lib/mini_profiler/profiler.rb:373:in `call'
webpacker (5.2.1) lib/webpacker/dev_server_proxy.rb:25:in `perform_request'
rack-proxy (0.6.5) lib/rack/proxy.rb:57:in `call'
railties (6.1.1) lib/rails/engine.rb:539:in `call'
puma (5.1.1) lib/puma/configuration.rb:246:in `call'
puma (5.1.1) lib/puma/request.rb:76:in `block in handle_request'
puma (5.1.1) lib/puma/thread_pool.rb:337:in `with_force_shutdown'
puma (5.1.1) lib/puma/request.rb:75:in `handle_request'
puma (5.1.1) lib/puma/server.rb:431:in `process_client'
puma (5.1.1) lib/puma/thread_pool.rb:145:in `block in spawn_thread'
Started GET "/" for 127.0.0.1 at 2021-01-29 09:44:33 +0100
  
ActiveRecord::ConnectionNotEstablished (could not connect to server: No such file or directory
	Is the server running locally and accepting
	connections on Unix domain socket "/var/run/postgresql/.s.PGSQL.5432"?
):
  
activerecord (6.1.1) lib/active_record/connection_adapters/postgresql_adapter.rb:83:in `rescue in new_client'
activerecord (6.1.1) lib/active_record/connection_adapters/postgresql_adapter.rb:77:in `new_client'
activerecord (6.1.1) lib/active_record/connection_adapters/postgresql_adapter.rb:37:in `postgresql_connection'
activerecord (6.1.1) lib/active_record/connection_adapters/abstract/connection_pool.rb:882:in `public_send'
activerecord (6.1.1) lib/active_record/connection_adapters/abstract/connection_pool.rb:882:in `new_connection'
activerecord (6.1.1) lib/active_record/connection_adapters/abstract/connection_pool.rb:926:in `checkout_new_connection'
activerecord (6.1.1) lib/active_record/connection_adapters/abstract/connection_pool.rb:905:in `try_to_checkout_new_connection'
activerecord (6.1.1) lib/active_record/connection_adapters/abstract/connection_pool.rb:866:in `acquire_connection'
activerecord (6.1.1) lib/active_record/connection_adapters/abstract/connection_pool.rb:588:in `checkout'
activerecord (6.1.1) lib/active_record/connection_adapters/abstract/connection_pool.rb:428:in `connection'
activerecord (6.1.1) lib/active_record/connection_adapters/abstract/connection_pool.rb:1128:in `retrieve_connection'
activerecord (6.1.1) lib/active_record/connection_handling.rb:319:in `retrieve_connection'
activerecord (6.1.1) lib/active_record/connection_handling.rb:275:in `connection'
activerecord (6.1.1) lib/active_record/migration.rb:611:in `connection'
activerecord (6.1.1) lib/active_record/migration.rb:606:in `build_watcher'
activerecord (6.1.1) lib/active_record/migration.rb:588:in `block in call'
activerecord (6.1.1) lib/active_record/migration.rb:587:in `synchronize'
activerecord (6.1.1) lib/active_record/migration.rb:587:in `call'
actionpack (6.1.1) lib/action_dispatch/middleware/callbacks.rb:27:in `block in call'
activesupport (6.1.1) lib/active_support/callbacks.rb:98:in `run_callbacks'
actionpack (6.1.1) lib/action_dispatch/middleware/callbacks.rb:26:in `call'
actionpack (6.1.1) lib/action_dispatch/middleware/executor.rb:14:in `call'
actionpack (6.1.1) lib/action_dispatch/middleware/actionable_exceptions.rb:18:in `call'
actionpack (6.1.1) lib/action_dispatch/middleware/debug_exceptions.rb:29:in `call'
web-console (4.1.0) lib/web_console/middleware.rb:132:in `call_app'
web-console (4.1.0) lib/web_console/middleware.rb:28:in `block in call'
web-console (4.1.0) lib/web_console/middleware.rb:17:in `catch'
web-console (4.1.0) lib/web_console/middleware.rb:17:in `call'
actionpack (6.1.1) lib/action_dispatch/middleware/show_exceptions.rb:33:in `call'
railties (6.1.1) lib/rails/rack/logger.rb:37:in `call_app'
railties (6.1.1) lib/rails/rack/logger.rb:26:in `block in call'
activesupport (6.1.1) lib/active_support/tagged_logging.rb:99:in `block in tagged'
activesupport (6.1.1) lib/active_support/tagged_logging.rb:37:in `tagged'
activesupport (6.1.1) lib/active_support/tagged_logging.rb:99:in `tagged'
railties (6.1.1) lib/rails/rack/logger.rb:26:in `call'
sprockets-rails (3.2.2) lib/sprockets/rails/quiet_assets.rb:13:in `call'
actionpack (6.1.1) lib/action_dispatch/middleware/remote_ip.rb:81:in `call'
actionpack (6.1.1) lib/action_dispatch/middleware/request_id.rb:26:in `call'
rack (2.2.3) lib/rack/method_override.rb:24:in `call'
rack (2.2.3) lib/rack/runtime.rb:22:in `call'
activesupport (6.1.1) lib/active_support/cache/strategy/local_cache_middleware.rb:29:in `call'
actionpack (6.1.1) lib/action_dispatch/middleware/executor.rb:14:in `call'
actionpack (6.1.1) lib/action_dispatch/middleware/static.rb:24:in `call'
rack (2.2.3) lib/rack/sendfile.rb:110:in `call'
actionpack (6.1.1) lib/action_dispatch/middleware/host_authorization.rb:98:in `call'
rack-mini-profiler (2.3.0) lib/mini_profiler/profiler.rb:373:in `call'
webpacker (5.2.1) lib/webpacker/dev_server_proxy.rb:25:in `perform_request'
rack-proxy (0.6.5) lib/rack/proxy.rb:57:in `call'
railties (6.1.1) lib/rails/engine.rb:539:in `call'
puma (5.1.1) lib/puma/configuration.rb:246:in `call'
puma (5.1.1) lib/puma/request.rb:76:in `block in handle_request'
puma (5.1.1) lib/puma/thread_pool.rb:337:in `with_force_shutdown'
puma (5.1.1) lib/puma/request.rb:75:in `handle_request'
puma (5.1.1) lib/puma/server.rb:431:in `process_client'
puma (5.1.1) lib/puma/thread_pool.rb:145:in `block in spawn_thread'
Started GET "/" for 127.0.0.1 at 2021-01-29 09:45:07 +0100
  
ActiveRecord::ConnectionNotEstablished (could not connect to server: No such file or directory
	Is the server running locally and accepting
	connections on Unix domain socket "/var/run/postgresql/.s.PGSQL.5432"?
):
  
activerecord (6.1.1) lib/active_record/connection_adapters/postgresql_adapter.rb:83:in `rescue in new_client'
activerecord (6.1.1) lib/active_record/connection_adapters/postgresql_adapter.rb:77:in `new_client'
activerecord (6.1.1) lib/active_record/connection_adapters/postgresql_adapter.rb:37:in `postgresql_connection'
activerecord (6.1.1) lib/active_record/connection_adapters/abstract/connection_pool.rb:882:in `public_send'
activerecord (6.1.1) lib/active_record/connection_adapters/abstract/connection_pool.rb:882:in `new_connection'
activerecord (6.1.1) lib/active_record/connection_adapters/abstract/connection_pool.rb:926:in `checkout_new_connection'
activerecord (6.1.1) lib/active_record/connection_adapters/abstract/connection_pool.rb:905:in `try_to_checkout_new_connection'
activerecord (6.1.1) lib/active_record/connection_adapters/abstract/connection_pool.rb:866:in `acquire_connection'
activerecord (6.1.1) lib/active_record/connection_adapters/abstract/connection_pool.rb:588:in `checkout'
activerecord (6.1.1) lib/active_record/connection_adapters/abstract/connection_pool.rb:428:in `connection'
activerecord (6.1.1) lib/active_record/connection_adapters/abstract/connection_pool.rb:1128:in `retrieve_connection'
activerecord (6.1.1) lib/active_record/connection_handling.rb:319:in `retrieve_connection'
activerecord (6.1.1) lib/active_record/connection_handling.rb:275:in `connection'
activerecord (6.1.1) lib/active_record/migration.rb:611:in `connection'
activerecord (6.1.1) lib/active_record/migration.rb:606:in `build_watcher'
activerecord (6.1.1) lib/active_record/migration.rb:588:in `block in call'
activerecord (6.1.1) lib/active_record/migration.rb:587:in `synchronize'
activerecord (6.1.1) lib/active_record/migration.rb:587:in `call'
actionpack (6.1.1) lib/action_dispatch/middleware/callbacks.rb:27:in `block in call'
activesupport (6.1.1) lib/active_support/callbacks.rb:98:in `run_callbacks'
actionpack (6.1.1) lib/action_dispatch/middleware/callbacks.rb:26:in `call'
actionpack (6.1.1) lib/action_dispatch/middleware/executor.rb:14:in `call'
actionpack (6.1.1) lib/action_dispatch/middleware/actionable_exceptions.rb:18:in `call'
actionpack (6.1.1) lib/action_dispatch/middleware/debug_exceptions.rb:29:in `call'
web-console (4.1.0) lib/web_console/middleware.rb:132:in `call_app'
web-console (4.1.0) lib/web_console/middleware.rb:28:in `block in call'
web-console (4.1.0) lib/web_console/middleware.rb:17:in `catch'
web-console (4.1.0) lib/web_console/middleware.rb:17:in `call'
actionpack (6.1.1) lib/action_dispatch/middleware/show_exceptions.rb:33:in `call'
railties (6.1.1) lib/rails/rack/logger.rb:37:in `call_app'
railties (6.1.1) lib/rails/rack/logger.rb:26:in `block in call'
activesupport (6.1.1) lib/active_support/tagged_logging.rb:99:in `block in tagged'
activesupport (6.1.1) lib/active_support/tagged_logging.rb:37:in `tagged'
activesupport (6.1.1) lib/active_support/tagged_logging.rb:99:in `tagged'
railties (6.1.1) lib/rails/rack/logger.rb:26:in `call'
sprockets-rails (3.2.2) lib/sprockets/rails/quiet_assets.rb:13:in `call'
actionpack (6.1.1) lib/action_dispatch/middleware/remote_ip.rb:81:in `call'
actionpack (6.1.1) lib/action_dispatch/middleware/request_id.rb:26:in `call'
rack (2.2.3) lib/rack/method_override.rb:24:in `call'
rack (2.2.3) lib/rack/runtime.rb:22:in `call'
activesupport (6.1.1) lib/active_support/cache/strategy/local_cache_middleware.rb:29:in `call'
actionpack (6.1.1) lib/action_dispatch/middleware/executor.rb:14:in `call'
actionpack (6.1.1) lib/action_dispatch/middleware/static.rb:24:in `call'
rack (2.2.3) lib/rack/sendfile.rb:110:in `call'
actionpack (6.1.1) lib/action_dispatch/middleware/host_authorization.rb:98:in `call'
rack-mini-profiler (2.3.0) lib/mini_profiler/profiler.rb:373:in `call'
webpacker (5.2.1) lib/webpacker/dev_server_proxy.rb:25:in `perform_request'
rack-proxy (0.6.5) lib/rack/proxy.rb:57:in `call'
railties (6.1.1) lib/rails/engine.rb:539:in `call'
puma (5.1.1) lib/puma/configuration.rb:246:in `call'
puma (5.1.1) lib/puma/request.rb:76:in `block in handle_request'
puma (5.1.1) lib/puma/thread_pool.rb:337:in `with_force_shutdown'
puma (5.1.1) lib/puma/request.rb:75:in `handle_request'
puma (5.1.1) lib/puma/server.rb:431:in `process_client'
puma (5.1.1) lib/puma/thread_pool.rb:145:in `block in spawn_thread'
Started GET "/" for 172.18.0.1 at 2021-01-29 09:45:36 +0100
Cannot render console from 172.18.0.1! Allowed networks: 127.0.0.0/127.255.255.255, ::1
  
ActiveRecord::ConnectionNotEstablished (could not connect to server: No such file or directory
	Is the server running locally and accepting
	connections on Unix domain socket "/var/run/postgresql/.s.PGSQL.5432"?
):
  
activerecord (6.1.1) lib/active_record/connection_adapters/postgresql_adapter.rb:83:in `rescue in new_client'
activerecord (6.1.1) lib/active_record/connection_adapters/postgresql_adapter.rb:77:in `new_client'
activerecord (6.1.1) lib/active_record/connection_adapters/postgresql_adapter.rb:37:in `postgresql_connection'
activerecord (6.1.1) lib/active_record/connection_adapters/abstract/connection_pool.rb:882:in `public_send'
activerecord (6.1.1) lib/active_record/connection_adapters/abstract/connection_pool.rb:882:in `new_connection'
activerecord (6.1.1) lib/active_record/connection_adapters/abstract/connection_pool.rb:926:in `checkout_new_connection'
activerecord (6.1.1) lib/active_record/connection_adapters/abstract/connection_pool.rb:905:in `try_to_checkout_new_connection'
activerecord (6.1.1) lib/active_record/connection_adapters/abstract/connection_pool.rb:866:in `acquire_connection'
activerecord (6.1.1) lib/active_record/connection_adapters/abstract/connection_pool.rb:588:in `checkout'
activerecord (6.1.1) lib/active_record/connection_adapters/abstract/connection_pool.rb:428:in `connection'
activerecord (6.1.1) lib/active_record/connection_adapters/abstract/connection_pool.rb:1128:in `retrieve_connection'
activerecord (6.1.1) lib/active_record/connection_handling.rb:319:in `retrieve_connection'
activerecord (6.1.1) lib/active_record/connection_handling.rb:275:in `connection'
activerecord (6.1.1) lib/active_record/migration.rb:611:in `connection'
activerecord (6.1.1) lib/active_record/migration.rb:606:in `build_watcher'
activerecord (6.1.1) lib/active_record/migration.rb:588:in `block in call'
activerecord (6.1.1) lib/active_record/migration.rb:587:in `synchronize'
activerecord (6.1.1) lib/active_record/migration.rb:587:in `call'
actionpack (6.1.1) lib/action_dispatch/middleware/callbacks.rb:27:in `block in call'
activesupport (6.1.1) lib/active_support/callbacks.rb:98:in `run_callbacks'
actionpack (6.1.1) lib/action_dispatch/middleware/callbacks.rb:26:in `call'
actionpack (6.1.1) lib/action_dispatch/middleware/executor.rb:14:in `call'
actionpack (6.1.1) lib/action_dispatch/middleware/actionable_exceptions.rb:18:in `call'
actionpack (6.1.1) lib/action_dispatch/middleware/debug_exceptions.rb:29:in `call'
web-console (4.1.0) lib/web_console/middleware.rb:132:in `call_app'
web-console (4.1.0) lib/web_console/middleware.rb:19:in `block in call'
web-console (4.1.0) lib/web_console/middleware.rb:17:in `catch'
web-console (4.1.0) lib/web_console/middleware.rb:17:in `call'
actionpack (6.1.1) lib/action_dispatch/middleware/show_exceptions.rb:33:in `call'
railties (6.1.1) lib/rails/rack/logger.rb:37:in `call_app'
railties (6.1.1) lib/rails/rack/logger.rb:26:in `block in call'
activesupport (6.1.1) lib/active_support/tagged_logging.rb:99:in `block in tagged'
activesupport (6.1.1) lib/active_support/tagged_logging.rb:37:in `tagged'
activesupport (6.1.1) lib/active_support/tagged_logging.rb:99:in `tagged'
railties (6.1.1) lib/rails/rack/logger.rb:26:in `call'
sprockets-rails (3.2.2) lib/sprockets/rails/quiet_assets.rb:13:in `call'
actionpack (6.1.1) lib/action_dispatch/middleware/remote_ip.rb:81:in `call'
actionpack (6.1.1) lib/action_dispatch/middleware/request_id.rb:26:in `call'
rack (2.2.3) lib/rack/method_override.rb:24:in `call'
rack (2.2.3) lib/rack/runtime.rb:22:in `call'
activesupport (6.1.1) lib/active_support/cache/strategy/local_cache_middleware.rb:29:in `call'
actionpack (6.1.1) lib/action_dispatch/middleware/executor.rb:14:in `call'
actionpack (6.1.1) lib/action_dispatch/middleware/static.rb:24:in `call'
rack (2.2.3) lib/rack/sendfile.rb:110:in `call'
actionpack (6.1.1) lib/action_dispatch/middleware/host_authorization.rb:98:in `call'
rack-mini-profiler (2.3.0) lib/mini_profiler/profiler.rb:373:in `call'
webpacker (5.2.1) lib/webpacker/dev_server_proxy.rb:25:in `perform_request'
rack-proxy (0.6.5) lib/rack/proxy.rb:57:in `call'
railties (6.1.1) lib/rails/engine.rb:539:in `call'
puma (5.1.1) lib/puma/configuration.rb:246:in `call'
puma (5.1.1) lib/puma/request.rb:76:in `block in handle_request'
puma (5.1.1) lib/puma/thread_pool.rb:337:in `with_force_shutdown'
puma (5.1.1) lib/puma/request.rb:75:in `handle_request'
puma (5.1.1) lib/puma/server.rb:431:in `process_client'
puma (5.1.1) lib/puma/thread_pool.rb:145:in `block in spawn_thread'
Started GET "/" for 127.0.0.1 at 2021-01-29 09:45:39 +0100
  
ActiveRecord::ConnectionNotEstablished (could not connect to server: No such file or directory
	Is the server running locally and accepting
	connections on Unix domain socket "/var/run/postgresql/.s.PGSQL.5432"?
):
  
activerecord (6.1.1) lib/active_record/connection_adapters/postgresql_adapter.rb:83:in `rescue in new_client'
activerecord (6.1.1) lib/active_record/connection_adapters/postgresql_adapter.rb:77:in `new_client'
activerecord (6.1.1) lib/active_record/connection_adapters/postgresql_adapter.rb:37:in `postgresql_connection'
activerecord (6.1.1) lib/active_record/connection_adapters/abstract/connection_pool.rb:882:in `public_send'
activerecord (6.1.1) lib/active_record/connection_adapters/abstract/connection_pool.rb:882:in `new_connection'
activerecord (6.1.1) lib/active_record/connection_adapters/abstract/connection_pool.rb:926:in `checkout_new_connection'
activerecord (6.1.1) lib/active_record/connection_adapters/abstract/connection_pool.rb:905:in `try_to_checkout_new_connection'
activerecord (6.1.1) lib/active_record/connection_adapters/abstract/connection_pool.rb:866:in `acquire_connection'
activerecord (6.1.1) lib/active_record/connection_adapters/abstract/connection_pool.rb:588:in `checkout'
activerecord (6.1.1) lib/active_record/connection_adapters/abstract/connection_pool.rb:428:in `connection'
activerecord (6.1.1) lib/active_record/connection_adapters/abstract/connection_pool.rb:1128:in `retrieve_connection'
activerecord (6.1.1) lib/active_record/connection_handling.rb:319:in `retrieve_connection'
activerecord (6.1.1) lib/active_record/connection_handling.rb:275:in `connection'
activerecord (6.1.1) lib/active_record/migration.rb:611:in `connection'
activerecord (6.1.1) lib/active_record/migration.rb:606:in `build_watcher'
activerecord (6.1.1) lib/active_record/migration.rb:588:in `block in call'
activerecord (6.1.1) lib/active_record/migration.rb:587:in `synchronize'
activerecord (6.1.1) lib/active_record/migration.rb:587:in `call'
actionpack (6.1.1) lib/action_dispatch/middleware/callbacks.rb:27:in `block in call'
activesupport (6.1.1) lib/active_support/callbacks.rb:98:in `run_callbacks'
actionpack (6.1.1) lib/action_dispatch/middleware/callbacks.rb:26:in `call'
actionpack (6.1.1) lib/action_dispatch/middleware/executor.rb:14:in `call'
actionpack (6.1.1) lib/action_dispatch/middleware/actionable_exceptions.rb:18:in `call'
actionpack (6.1.1) lib/action_dispatch/middleware/debug_exceptions.rb:29:in `call'
web-console (4.1.0) lib/web_console/middleware.rb:132:in `call_app'
web-console (4.1.0) lib/web_console/middleware.rb:28:in `block in call'
web-console (4.1.0) lib/web_console/middleware.rb:17:in `catch'
web-console (4.1.0) lib/web_console/middleware.rb:17:in `call'
actionpack (6.1.1) lib/action_dispatch/middleware/show_exceptions.rb:33:in `call'
railties (6.1.1) lib/rails/rack/logger.rb:37:in `call_app'
railties (6.1.1) lib/rails/rack/logger.rb:26:in `block in call'
activesupport (6.1.1) lib/active_support/tagged_logging.rb:99:in `block in tagged'
activesupport (6.1.1) lib/active_support/tagged_logging.rb:37:in `tagged'
activesupport (6.1.1) lib/active_support/tagged_logging.rb:99:in `tagged'
railties (6.1.1) lib/rails/rack/logger.rb:26:in `call'
sprockets-rails (3.2.2) lib/sprockets/rails/quiet_assets.rb:13:in `call'
actionpack (6.1.1) lib/action_dispatch/middleware/remote_ip.rb:81:in `call'
actionpack (6.1.1) lib/action_dispatch/middleware/request_id.rb:26:in `call'
rack (2.2.3) lib/rack/method_override.rb:24:in `call'
rack (2.2.3) lib/rack/runtime.rb:22:in `call'
activesupport (6.1.1) lib/active_support/cache/strategy/local_cache_middleware.rb:29:in `call'
actionpack (6.1.1) lib/action_dispatch/middleware/executor.rb:14:in `call'
actionpack (6.1.1) lib/action_dispatch/middleware/static.rb:24:in `call'
rack (2.2.3) lib/rack/sendfile.rb:110:in `call'
actionpack (6.1.1) lib/action_dispatch/middleware/host_authorization.rb:98:in `call'
rack-mini-profiler (2.3.0) lib/mini_profiler/profiler.rb:373:in `call'
webpacker (5.2.1) lib/webpacker/dev_server_proxy.rb:25:in `perform_request'
rack-proxy (0.6.5) lib/rack/proxy.rb:57:in `call'
railties (6.1.1) lib/rails/engine.rb:539:in `call'
puma (5.1.1) lib/puma/configuration.rb:246:in `call'
puma (5.1.1) lib/puma/request.rb:76:in `block in handle_request'
puma (5.1.1) lib/puma/thread_pool.rb:337:in `with_force_shutdown'
puma (5.1.1) lib/puma/request.rb:75:in `handle_request'
puma (5.1.1) lib/puma/server.rb:431:in `process_client'
puma (5.1.1) lib/puma/thread_pool.rb:145:in `block in spawn_thread'
Started GET "/" for 127.0.0.1 at 2021-01-29 09:46:12 +0100
  
ActiveRecord::ConnectionNotEstablished (could not connect to server: No such file or directory
	Is the server running locally and accepting
	connections on Unix domain socket "/var/run/postgresql/.s.PGSQL.5432"?
):
  
activerecord (6.1.1) lib/active_record/connection_adapters/postgresql_adapter.rb:83:in `rescue in new_client'
activerecord (6.1.1) lib/active_record/connection_adapters/postgresql_adapter.rb:77:in `new_client'
activerecord (6.1.1) lib/active_record/connection_adapters/postgresql_adapter.rb:37:in `postgresql_connection'
activerecord (6.1.1) lib/active_record/connection_adapters/abstract/connection_pool.rb:882:in `public_send'
activerecord (6.1.1) lib/active_record/connection_adapters/abstract/connection_pool.rb:882:in `new_connection'
activerecord (6.1.1) lib/active_record/connection_adapters/abstract/connection_pool.rb:926:in `checkout_new_connection'
activerecord (6.1.1) lib/active_record/connection_adapters/abstract/connection_pool.rb:905:in `try_to_checkout_new_connection'
activerecord (6.1.1) lib/active_record/connection_adapters/abstract/connection_pool.rb:866:in `acquire_connection'
activerecord (6.1.1) lib/active_record/connection_adapters/abstract/connection_pool.rb:588:in `checkout'
activerecord (6.1.1) lib/active_record/connection_adapters/abstract/connection_pool.rb:428:in `connection'
activerecord (6.1.1) lib/active_record/connection_adapters/abstract/connection_pool.rb:1128:in `retrieve_connection'
activerecord (6.1.1) lib/active_record/connection_handling.rb:319:in `retrieve_connection'
activerecord (6.1.1) lib/active_record/connection_handling.rb:275:in `connection'
activerecord (6.1.1) lib/active_record/migration.rb:611:in `connection'
activerecord (6.1.1) lib/active_record/migration.rb:606:in `build_watcher'
activerecord (6.1.1) lib/active_record/migration.rb:588:in `block in call'
activerecord (6.1.1) lib/active_record/migration.rb:587:in `synchronize'
activerecord (6.1.1) lib/active_record/migration.rb:587:in `call'
actionpack (6.1.1) lib/action_dispatch/middleware/callbacks.rb:27:in `block in call'
activesupport (6.1.1) lib/active_support/callbacks.rb:98:in `run_callbacks'
actionpack (6.1.1) lib/action_dispatch/middleware/callbacks.rb:26:in `call'
actionpack (6.1.1) lib/action_dispatch/middleware/executor.rb:14:in `call'
actionpack (6.1.1) lib/action_dispatch/middleware/actionable_exceptions.rb:18:in `call'
actionpack (6.1.1) lib/action_dispatch/middleware/debug_exceptions.rb:29:in `call'
web-console (4.1.0) lib/web_console/middleware.rb:132:in `call_app'
web-console (4.1.0) lib/web_console/middleware.rb:28:in `block in call'
web-console (4.1.0) lib/web_console/middleware.rb:17:in `catch'
web-console (4.1.0) lib/web_console/middleware.rb:17:in `call'
actionpack (6.1.1) lib/action_dispatch/middleware/show_exceptions.rb:33:in `call'
railties (6.1.1) lib/rails/rack/logger.rb:37:in `call_app'
railties (6.1.1) lib/rails/rack/logger.rb:26:in `block in call'
activesupport (6.1.1) lib/active_support/tagged_logging.rb:99:in `block in tagged'
activesupport (6.1.1) lib/active_support/tagged_logging.rb:37:in `tagged'
activesupport (6.1.1) lib/active_support/tagged_logging.rb:99:in `tagged'
railties (6.1.1) lib/rails/rack/logger.rb:26:in `call'
sprockets-rails (3.2.2) lib/sprockets/rails/quiet_assets.rb:13:in `call'
actionpack (6.1.1) lib/action_dispatch/middleware/remote_ip.rb:81:in `call'
actionpack (6.1.1) lib/action_dispatch/middleware/request_id.rb:26:in `call'
rack (2.2.3) lib/rack/method_override.rb:24:in `call'
rack (2.2.3) lib/rack/runtime.rb:22:in `call'
activesupport (6.1.1) lib/active_support/cache/strategy/local_cache_middleware.rb:29:in `call'
actionpack (6.1.1) lib/action_dispatch/middleware/executor.rb:14:in `call'
actionpack (6.1.1) lib/action_dispatch/middleware/static.rb:24:in `call'
rack (2.2.3) lib/rack/sendfile.rb:110:in `call'
actionpack (6.1.1) lib/action_dispatch/middleware/host_authorization.rb:98:in `call'
rack-mini-profiler (2.3.0) lib/mini_profiler/profiler.rb:373:in `call'
webpacker (5.2.1) lib/webpacker/dev_server_proxy.rb:25:in `perform_request'
rack-proxy (0.6.5) lib/rack/proxy.rb:57:in `call'
railties (6.1.1) lib/rails/engine.rb:539:in `call'
puma (5.1.1) lib/puma/configuration.rb:246:in `call'
puma (5.1.1) lib/puma/request.rb:76:in `block in handle_request'
puma (5.1.1) lib/puma/thread_pool.rb:337:in `with_force_shutdown'
puma (5.1.1) lib/puma/request.rb:75:in `handle_request'
puma (5.1.1) lib/puma/server.rb:431:in `process_client'
puma (5.1.1) lib/puma/thread_pool.rb:145:in `block in spawn_thread'
  [1m[35m (47.4ms)[0m  [1m[35mCREATE TABLE "schema_migrations" ("version" character varying NOT NULL PRIMARY KEY)[0m
  [1m[35m (5.2ms)[0m  [1m[35mCREATE TABLE "ar_internal_metadata" ("key" character varying NOT NULL PRIMARY KEY, "value" character varying, "created_at" timestamp(6) NOT NULL, "updated_at" timestamp(6) NOT NULL)[0m
  [1m[35m (0.5ms)[0m  [1m[34mSELECT pg_try_advisory_lock(4709995827031202925)[0m
  [1m[35m (0.9ms)[0m  [1m[34mSELECT "schema_migrations"."version" FROM "schema_migrations" ORDER BY "schema_migrations"."version" ASC[0m
Migrating to CreatePosts (20210127133805)
  [1m[36mTRANSACTION (0.2ms)[0m  [1m[35mBEGIN[0m
  [1m[35m (10.4ms)[0m  [1m[35mCREATE TABLE "posts" ("id" bigserial primary key, "title" character varying, "content" character varying, "created_at" timestamp(6) NOT NULL, "updated_at" timestamp(6) NOT NULL)[0m
  [1m[36mActiveRecord::SchemaMigration Create (0.6ms)[0m  [1m[32mINSERT INTO "schema_migrations" ("version") VALUES ($1) RETURNING "version"[0m  [["version", "20210127133805"]]
  [1m[36mTRANSACTION (1.5ms)[0m  [1m[35mCOMMIT[0m
  [1m[36mActiveRecord::InternalMetadata Load (1.0ms)[0m  [1m[34mSELECT "ar_internal_metadata".* FROM "ar_internal_metadata" WHERE "ar_internal_metadata"."key" = $1 LIMIT $2[0m  [["key", "environment"], ["LIMIT", 1]]
  [1m[36mTRANSACTION (0.3ms)[0m  [1m[35mBEGIN[0m
  [1m[36mActiveRecord::InternalMetadata Create (0.8ms)[0m  [1m[32mINSERT INTO "ar_internal_metadata" ("key", "value", "created_at", "updated_at") VALUES ($1, $2, $3, $4) RETURNING "key"[0m  [["key", "environment"], ["value", "development"], ["created_at", "2021-01-29 08:57:31.957908"], ["updated_at", "2021-01-29 08:57:31.957908"]]
  [1m[36mTRANSACTION (0.5ms)[0m  [1m[35mCOMMIT[0m
  [1m[35m (0.5ms)[0m  [1m[34mSELECT pg_advisory_unlock(4709995827031202925)[0m
  [1m[35m (0.9ms)[0m  [1m[34mSELECT "schema_migrations"."version" FROM "schema_migrations" ORDER BY "schema_migrations"."version" ASC[0m
Started GET "/" for 127.0.0.1 at 2021-01-29 09:57:40 +0100
  [1m[35m (3.0ms)[0m  [1m[34mSELECT "schema_migrations"."version" FROM "schema_migrations" ORDER BY "schema_migrations"."version" ASC[0m
Processing by Rails::WelcomeController#index as */*
  Rendering /usr/local/bundle/gems/railties-6.1.1/lib/rails/templates/rails/welcome/index.html.erb
  Rendered /usr/local/bundle/gems/railties-6.1.1/lib/rails/templates/rails/welcome/index.html.erb (Duration: 37.2ms | Allocations: 444)
Completed 200 OK in 84ms (Views: 54.0ms | ActiveRecord: 0.0ms | Allocations: 3697)


Started GET "/" for 172.18.0.1 at 2021-01-29 09:57:47 +0100
Cannot render console from 172.18.0.1! Allowed networks: 127.0.0.0/127.255.255.255, ::1
Processing by Rails::WelcomeController#index as HTML
  Rendering /usr/local/bundle/gems/railties-6.1.1/lib/rails/templates/rails/welcome/index.html.erb
  Rendered /usr/local/bundle/gems/railties-6.1.1/lib/rails/templates/rails/welcome/index.html.erb (Duration: 45.8ms | Allocations: 214)
Completed 200 OK in 58ms (Views: 55.8ms | ActiveRecord: 0.0ms | Allocations: 831)


Started GET "/posts" for 172.18.0.1 at 2021-01-29 09:57:55 +0100
Cannot render console from 172.18.0.1! Allowed networks: 127.0.0.0/127.255.255.255, ::1
Processing by PostsController#index as HTML
  Rendering layout layouts/application.html.erb
  Rendering posts/index.html.erb within layouts/application
  [1m[36mPost Load (3.7ms)[0m  [1m[34mSELECT "posts".* FROM "posts"[0m
  ↳ app/views/posts/index.html.erb:6
  Rendered posts/index.html.erb within layouts/application (Duration: 31.7ms | Allocations: 1054)
[Webpacker] Everything's up-to-date. Nothing to do
  Rendered layout layouts/application.html.erb (Duration: 205.1ms | Allocations: 21366)
Completed 200 OK in 219ms (Views: 207.1ms | ActiveRecord: 3.7ms | Allocations: 22773)


Started GET "/" for 127.0.0.1 at 2021-01-29 09:58:11 +0100
Processing by Rails::WelcomeController#index as */*
  Rendering /usr/local/bundle/gems/railties-6.1.1/lib/rails/templates/rails/welcome/index.html.erb
  Rendered /usr/local/bundle/gems/railties-6.1.1/lib/rails/templates/rails/welcome/index.html.erb (Duration: 0.4ms | Allocations: 42)
Completed 200 OK in 3ms (Views: 1.8ms | ActiveRecord: 0.0ms | Allocations: 482)


Started GET "/" for 127.0.0.1 at 2021-01-29 09:58:41 +0100
Processing by Rails::WelcomeController#index as */*
  Rendering /usr/local/bundle/gems/railties-6.1.1/lib/rails/templates/rails/welcome/index.html.erb
  Rendered /usr/local/bundle/gems/railties-6.1.1/lib/rails/templates/rails/welcome/index.html.erb (Duration: 2.4ms | Allocations: 42)
Completed 200 OK in 7ms (Views: 5.9ms | ActiveRecord: 0.0ms | Allocations: 342)


Started GET "/" for 127.0.0.1 at 2021-01-29 09:59:11 +0100
Processing by Rails::WelcomeController#index as */*
  Rendering /usr/local/bundle/gems/railties-6.1.1/lib/rails/templates/rails/welcome/index.html.erb
  Rendered /usr/local/bundle/gems/railties-6.1.1/lib/rails/templates/rails/welcome/index.html.erb (Duration: 2.9ms | Allocations: 42)
Completed 200 OK in 5ms (Views: 4.4ms | ActiveRecord: 0.0ms | Allocations: 342)


Started GET "/" for 127.0.0.1 at 2021-01-29 09:59:42 +0100
Processing by Rails::WelcomeController#index as */*
  Rendering /usr/local/bundle/gems/railties-6.1.1/lib/rails/templates/rails/welcome/index.html.erb
  Rendered /usr/local/bundle/gems/railties-6.1.1/lib/rails/templates/rails/welcome/index.html.erb (Duration: 80.1ms | Allocations: 42)
Completed 200 OK in 91ms (Views: 83.8ms | ActiveRecord: 0.0ms | Allocations: 344)


